[2025-04-06 12:24:32,384] INFO [ControllerEventThread controllerId=0] Starting (kafka.controller.ControllerEventManager$ControllerEventThread)
[2025-04-06 12:24:32,433] INFO [Controller id=0] 0 successfully elected as the controller. Epoch incremented to 1 and epoch zk version is now 1 (kafka.controller.KafkaController)
[2025-04-06 12:24:32,443] INFO [Controller id=0] Creating FeatureZNode at path: /feature with contents: FeatureZNode(2,Enabled,Map()) (kafka.controller.KafkaController)
[2025-04-06 12:24:32,521] INFO [Controller id=0] Registering handlers (kafka.controller.KafkaController)
[2025-04-06 12:24:32,536] INFO [Controller id=0] Deleting log dir event notifications (kafka.controller.KafkaController)
[2025-04-06 12:24:32,544] INFO [Controller id=0] Deleting isr change notifications (kafka.controller.KafkaController)
[2025-04-06 12:24:32,548] INFO [Controller id=0] Initializing controller context (kafka.controller.KafkaController)
[2025-04-06 12:24:32,579] INFO [Controller id=0] Initialized broker epochs cache: Map(0 -> 25) (kafka.controller.KafkaController)
[2025-04-06 12:24:32,592] DEBUG [Controller id=0] Register BrokerModifications handler for Set(0) (kafka.controller.KafkaController)
[2025-04-06 12:24:32,607] DEBUG [Channel manager on controller 0]: Controller 0 trying to connect to broker 0 (kafka.controller.ControllerChannelManager)
[2025-04-06 12:24:32,618] INFO [RequestSendThread controllerId=0] Starting (kafka.controller.RequestSendThread)
[2025-04-06 12:24:32,618] INFO [Controller id=0] Currently active brokers in the cluster: Set(0) (kafka.controller.KafkaController)
[2025-04-06 12:24:32,619] INFO [Controller id=0] Currently shutting brokers in the cluster: Set() (kafka.controller.KafkaController)
[2025-04-06 12:24:32,619] INFO [Controller id=0] Current list of topics in the cluster: Set() (kafka.controller.KafkaController)
[2025-04-06 12:24:32,619] INFO [Controller id=0] Fetching topic deletions in progress (kafka.controller.KafkaController)
[2025-04-06 12:24:32,630] INFO [Controller id=0] List of topics to be deleted:  (kafka.controller.KafkaController)
[2025-04-06 12:24:32,630] INFO [Controller id=0] List of topics ineligible for deletion:  (kafka.controller.KafkaController)
[2025-04-06 12:24:32,631] INFO [Controller id=0] Initializing topic deletion manager (kafka.controller.KafkaController)
[2025-04-06 12:24:32,636] INFO [Topic Deletion Manager 0] Initializing manager with initial deletions: Set(), initial ineligible deletions: Set() (kafka.controller.TopicDeletionManager)
[2025-04-06 12:24:32,637] INFO [Controller id=0] Sending update metadata request (kafka.controller.KafkaController)
[2025-04-06 12:24:32,660] INFO [ReplicaStateMachine controllerId=0] Initializing replica state (kafka.controller.ZkReplicaStateMachine)
[2025-04-06 12:24:32,660] INFO [ReplicaStateMachine controllerId=0] Triggering online replica state changes (kafka.controller.ZkReplicaStateMachine)
[2025-04-06 12:24:32,666] INFO [ReplicaStateMachine controllerId=0] Triggering offline replica state changes (kafka.controller.ZkReplicaStateMachine)
[2025-04-06 12:24:32,670] DEBUG [ReplicaStateMachine controllerId=0] Started replica state machine with initial state -> Map() (kafka.controller.ZkReplicaStateMachine)
[2025-04-06 12:24:32,671] INFO [PartitionStateMachine controllerId=0] Initializing partition state (kafka.controller.ZkPartitionStateMachine)
[2025-04-06 12:24:32,675] INFO [PartitionStateMachine controllerId=0] Triggering online partition state changes (kafka.controller.ZkPartitionStateMachine)
[2025-04-06 12:24:32,680] INFO [RequestSendThread controllerId=0] Controller 0 connected to teomor-ThinkPad-Ubuntu:9092 (id: 0 rack: null) for sending state change requests (kafka.controller.RequestSendThread)
[2025-04-06 12:24:32,684] DEBUG [PartitionStateMachine controllerId=0] Started partition state machine with initial state -> Map() (kafka.controller.ZkPartitionStateMachine)
[2025-04-06 12:24:32,685] INFO [Controller id=0] Ready to serve as the new controller with epoch 1 (kafka.controller.KafkaController)
[2025-04-06 12:24:32,718] INFO [Controller id=0] Partitions undergoing preferred replica election:  (kafka.controller.KafkaController)
[2025-04-06 12:24:32,719] INFO [Controller id=0] Partitions that completed preferred replica election:  (kafka.controller.KafkaController)
[2025-04-06 12:24:32,719] INFO [Controller id=0] Skipping preferred replica election for partitions due to topic deletion:  (kafka.controller.KafkaController)
[2025-04-06 12:24:32,719] INFO [Controller id=0] Resuming preferred replica election for partitions:  (kafka.controller.KafkaController)
[2025-04-06 12:24:32,720] INFO [Controller id=0] Starting replica leader election (PREFERRED) for partitions  triggered by ZkTriggered (kafka.controller.KafkaController)
[2025-04-06 12:24:32,753] INFO [Controller id=0] Starting the controller scheduler (kafka.controller.KafkaController)
[2025-04-06 12:24:36,966] INFO [Controller id=0] Shutting down broker 0 (kafka.controller.KafkaController)
[2025-04-06 12:24:36,967] DEBUG [Controller id=0] All shutting down brokers: 0 (kafka.controller.KafkaController)
[2025-04-06 12:24:36,968] DEBUG [Controller id=0] Live brokers:  (kafka.controller.KafkaController)
[2025-04-06 12:24:36,971] TRACE [Controller id=0] All leaders =  (kafka.controller.KafkaController)
[2025-04-06 12:24:37,101] INFO [ControllerEventThread controllerId=0] Shutting down (kafka.controller.ControllerEventManager$ControllerEventThread)
[2025-04-06 12:24:37,102] INFO [ControllerEventThread controllerId=0] Stopped (kafka.controller.ControllerEventManager$ControllerEventThread)
[2025-04-06 12:24:37,102] INFO [ControllerEventThread controllerId=0] Shutdown completed (kafka.controller.ControllerEventManager$ControllerEventThread)
[2025-04-06 12:24:37,102] DEBUG [Controller id=0] Resigning (kafka.controller.KafkaController)
[2025-04-06 12:24:37,102] DEBUG [Controller id=0] Unregister BrokerModifications handler for Set(0) (kafka.controller.KafkaController)
[2025-04-06 12:24:37,103] INFO [PartitionStateMachine controllerId=0] Stopped partition state machine (kafka.controller.ZkPartitionStateMachine)
[2025-04-06 12:24:37,104] INFO [ReplicaStateMachine controllerId=0] Stopped replica state machine (kafka.controller.ZkReplicaStateMachine)
[2025-04-06 12:24:37,105] INFO [RequestSendThread controllerId=0] Shutting down (kafka.controller.RequestSendThread)
[2025-04-06 12:24:37,105] INFO [RequestSendThread controllerId=0] Stopped (kafka.controller.RequestSendThread)
[2025-04-06 12:24:37,105] INFO [RequestSendThread controllerId=0] Shutdown completed (kafka.controller.RequestSendThread)
[2025-04-06 12:24:37,108] INFO [Controller id=0] Resigned (kafka.controller.KafkaController)
[2025-04-06 12:24:55,662] INFO [ControllerEventThread controllerId=0] Starting (kafka.controller.ControllerEventManager$ControllerEventThread)
[2025-04-06 12:24:55,698] INFO [Controller id=0] 0 successfully elected as the controller. Epoch incremented to 2 and epoch zk version is now 2 (kafka.controller.KafkaController)
[2025-04-06 12:24:55,703] INFO [Controller id=0] Registering handlers (kafka.controller.KafkaController)
[2025-04-06 12:24:55,712] INFO [Controller id=0] Deleting log dir event notifications (kafka.controller.KafkaController)
[2025-04-06 12:24:55,718] INFO [Controller id=0] Deleting isr change notifications (kafka.controller.KafkaController)
[2025-04-06 12:24:55,730] INFO [Controller id=0] Initializing controller context (kafka.controller.KafkaController)
[2025-04-06 12:24:55,757] INFO [Controller id=0] Initialized broker epochs cache: Map(0 -> 46) (kafka.controller.KafkaController)
[2025-04-06 12:24:55,770] DEBUG [Controller id=0] Register BrokerModifications handler for Set(0) (kafka.controller.KafkaController)
[2025-04-06 12:24:55,777] DEBUG [Channel manager on controller 0]: Controller 0 trying to connect to broker 0 (kafka.controller.ControllerChannelManager)
[2025-04-06 12:24:55,784] INFO [RequestSendThread controllerId=0] Starting (kafka.controller.RequestSendThread)
[2025-04-06 12:24:55,784] INFO [Controller id=0] Currently active brokers in the cluster: Set(0) (kafka.controller.KafkaController)
[2025-04-06 12:24:55,784] INFO [Controller id=0] Currently shutting brokers in the cluster: Set() (kafka.controller.KafkaController)
[2025-04-06 12:24:55,785] INFO [Controller id=0] Current list of topics in the cluster: Set() (kafka.controller.KafkaController)
[2025-04-06 12:24:55,785] INFO [Controller id=0] Fetching topic deletions in progress (kafka.controller.KafkaController)
[2025-04-06 12:24:55,791] INFO [Controller id=0] List of topics to be deleted:  (kafka.controller.KafkaController)
[2025-04-06 12:24:55,791] INFO [Controller id=0] List of topics ineligible for deletion:  (kafka.controller.KafkaController)
[2025-04-06 12:24:55,792] INFO [Controller id=0] Initializing topic deletion manager (kafka.controller.KafkaController)
[2025-04-06 12:24:55,795] INFO [Topic Deletion Manager 0] Initializing manager with initial deletions: Set(), initial ineligible deletions: Set() (kafka.controller.TopicDeletionManager)
[2025-04-06 12:24:55,797] INFO [Controller id=0] Sending update metadata request (kafka.controller.KafkaController)
[2025-04-06 12:24:55,831] INFO [ReplicaStateMachine controllerId=0] Initializing replica state (kafka.controller.ZkReplicaStateMachine)
[2025-04-06 12:24:55,832] INFO [ReplicaStateMachine controllerId=0] Triggering online replica state changes (kafka.controller.ZkReplicaStateMachine)
[2025-04-06 12:24:55,839] INFO [ReplicaStateMachine controllerId=0] Triggering offline replica state changes (kafka.controller.ZkReplicaStateMachine)
[2025-04-06 12:24:55,840] DEBUG [ReplicaStateMachine controllerId=0] Started replica state machine with initial state -> Map() (kafka.controller.ZkReplicaStateMachine)
[2025-04-06 12:24:55,841] INFO [PartitionStateMachine controllerId=0] Initializing partition state (kafka.controller.ZkPartitionStateMachine)
[2025-04-06 12:24:55,843] INFO [PartitionStateMachine controllerId=0] Triggering online partition state changes (kafka.controller.ZkPartitionStateMachine)
[2025-04-06 12:24:55,847] DEBUG [PartitionStateMachine controllerId=0] Started partition state machine with initial state -> Map() (kafka.controller.ZkPartitionStateMachine)
[2025-04-06 12:24:55,847] INFO [Controller id=0] Ready to serve as the new controller with epoch 2 (kafka.controller.KafkaController)
[2025-04-06 12:24:55,860] INFO [Controller id=0] Partitions undergoing preferred replica election:  (kafka.controller.KafkaController)
[2025-04-06 12:24:55,860] WARN [RequestSendThread controllerId=0] Controller 0's connection to broker teomor-ThinkPad-Ubuntu:9092 (id: 0 rack: null) was unsuccessful (kafka.controller.RequestSendThread)
java.io.IOException: Connection to teomor-ThinkPad-Ubuntu:9092 (id: 0 rack: null) failed.
	at org.apache.kafka.clients.NetworkClientUtils.awaitReady(NetworkClientUtils.java:71)
	at kafka.controller.RequestSendThread.brokerReady(ControllerChannelManager.scala:299)
	at kafka.controller.RequestSendThread.doWork(ControllerChannelManager.scala:252)
	at org.apache.kafka.server.util.ShutdownableThread.run(ShutdownableThread.java:136)
[2025-04-06 12:24:55,861] INFO [Controller id=0] Partitions that completed preferred replica election:  (kafka.controller.KafkaController)
[2025-04-06 12:24:55,866] INFO [Controller id=0] Skipping preferred replica election for partitions due to topic deletion:  (kafka.controller.KafkaController)
[2025-04-06 12:24:55,866] INFO [Controller id=0] Resuming preferred replica election for partitions:  (kafka.controller.KafkaController)
[2025-04-06 12:24:55,868] INFO [Controller id=0] Starting replica leader election (PREFERRED) for partitions  triggered by ZkTriggered (kafka.controller.KafkaController)
[2025-04-06 12:24:55,888] INFO [Controller id=0] Starting the controller scheduler (kafka.controller.KafkaController)
[2025-04-06 12:24:55,966] INFO [RequestSendThread controllerId=0] Controller 0 connected to teomor-ThinkPad-Ubuntu:9092 (id: 0 rack: null) for sending state change requests (kafka.controller.RequestSendThread)
[2025-04-06 12:24:59,657] INFO [Controller id=0] Shutting down broker 0 (kafka.controller.KafkaController)
[2025-04-06 12:24:59,658] DEBUG [Controller id=0] All shutting down brokers: 0 (kafka.controller.KafkaController)
[2025-04-06 12:24:59,659] DEBUG [Controller id=0] Live brokers:  (kafka.controller.KafkaController)
[2025-04-06 12:24:59,664] TRACE [Controller id=0] All leaders =  (kafka.controller.KafkaController)
[2025-04-06 12:24:59,780] INFO [ControllerEventThread controllerId=0] Shutting down (kafka.controller.ControllerEventManager$ControllerEventThread)
[2025-04-06 12:24:59,780] INFO [ControllerEventThread controllerId=0] Stopped (kafka.controller.ControllerEventManager$ControllerEventThread)
[2025-04-06 12:24:59,780] INFO [ControllerEventThread controllerId=0] Shutdown completed (kafka.controller.ControllerEventManager$ControllerEventThread)
[2025-04-06 12:24:59,781] DEBUG [Controller id=0] Resigning (kafka.controller.KafkaController)
[2025-04-06 12:24:59,781] DEBUG [Controller id=0] Unregister BrokerModifications handler for Set(0) (kafka.controller.KafkaController)
[2025-04-06 12:24:59,782] INFO [PartitionStateMachine controllerId=0] Stopped partition state machine (kafka.controller.ZkPartitionStateMachine)
[2025-04-06 12:24:59,783] INFO [ReplicaStateMachine controllerId=0] Stopped replica state machine (kafka.controller.ZkReplicaStateMachine)
[2025-04-06 12:24:59,783] INFO [RequestSendThread controllerId=0] Shutting down (kafka.controller.RequestSendThread)
[2025-04-06 12:24:59,784] INFO [RequestSendThread controllerId=0] Stopped (kafka.controller.RequestSendThread)
[2025-04-06 12:24:59,784] INFO [RequestSendThread controllerId=0] Shutdown completed (kafka.controller.RequestSendThread)
[2025-04-06 12:24:59,787] INFO [Controller id=0] Resigned (kafka.controller.KafkaController)
[2025-04-06 12:27:02,151] INFO [ControllerEventThread controllerId=0] Starting (kafka.controller.ControllerEventManager$ControllerEventThread)
[2025-04-06 12:27:02,213] INFO [Controller id=0] 0 successfully elected as the controller. Epoch incremented to 3 and epoch zk version is now 3 (kafka.controller.KafkaController)
[2025-04-06 12:27:02,220] INFO [Controller id=0] Registering handlers (kafka.controller.KafkaController)
[2025-04-06 12:27:02,246] INFO [Controller id=0] Deleting log dir event notifications (kafka.controller.KafkaController)
[2025-04-06 12:27:02,264] INFO [Controller id=0] Deleting isr change notifications (kafka.controller.KafkaController)
[2025-04-06 12:27:02,272] INFO [Controller id=0] Initializing controller context (kafka.controller.KafkaController)
[2025-04-06 12:27:02,360] INFO [Controller id=0] Initialized broker epochs cache: Map(0 -> 116) (kafka.controller.KafkaController)
[2025-04-06 12:27:02,377] DEBUG [Controller id=0] Register BrokerModifications handler for Set(0) (kafka.controller.KafkaController)
[2025-04-06 12:27:02,392] DEBUG [Channel manager on controller 0]: Controller 0 trying to connect to broker 0 (kafka.controller.ControllerChannelManager)
[2025-04-06 12:27:02,413] INFO [RequestSendThread controllerId=0] Starting (kafka.controller.RequestSendThread)
[2025-04-06 12:27:02,415] INFO [Controller id=0] Currently active brokers in the cluster: Set(0) (kafka.controller.KafkaController)
[2025-04-06 12:27:02,416] INFO [Controller id=0] Currently shutting brokers in the cluster: Set() (kafka.controller.KafkaController)
[2025-04-06 12:27:02,420] INFO [Controller id=0] Current list of topics in the cluster: Set() (kafka.controller.KafkaController)
[2025-04-06 12:27:02,420] INFO [Controller id=0] Fetching topic deletions in progress (kafka.controller.KafkaController)
[2025-04-06 12:27:02,432] INFO [Controller id=0] List of topics to be deleted:  (kafka.controller.KafkaController)
[2025-04-06 12:27:02,433] INFO [Controller id=0] List of topics ineligible for deletion:  (kafka.controller.KafkaController)
[2025-04-06 12:27:02,434] INFO [Controller id=0] Initializing topic deletion manager (kafka.controller.KafkaController)
[2025-04-06 12:27:02,435] INFO [Topic Deletion Manager 0] Initializing manager with initial deletions: Set(), initial ineligible deletions: Set() (kafka.controller.TopicDeletionManager)
[2025-04-06 12:27:02,439] INFO [Controller id=0] Sending update metadata request (kafka.controller.KafkaController)
[2025-04-06 12:27:02,489] INFO [ReplicaStateMachine controllerId=0] Initializing replica state (kafka.controller.ZkReplicaStateMachine)
[2025-04-06 12:27:02,491] INFO [ReplicaStateMachine controllerId=0] Triggering online replica state changes (kafka.controller.ZkReplicaStateMachine)
[2025-04-06 12:27:02,506] INFO [ReplicaStateMachine controllerId=0] Triggering offline replica state changes (kafka.controller.ZkReplicaStateMachine)
[2025-04-06 12:27:02,509] DEBUG [ReplicaStateMachine controllerId=0] Started replica state machine with initial state -> Map() (kafka.controller.ZkReplicaStateMachine)
[2025-04-06 12:27:02,512] INFO [PartitionStateMachine controllerId=0] Initializing partition state (kafka.controller.ZkPartitionStateMachine)
[2025-04-06 12:27:02,514] INFO [PartitionStateMachine controllerId=0] Triggering online partition state changes (kafka.controller.ZkPartitionStateMachine)
[2025-04-06 12:27:02,531] WARN [RequestSendThread controllerId=0] Controller 0's connection to broker teomor-ThinkPad-Ubuntu:9092 (id: 0 rack: null) was unsuccessful (kafka.controller.RequestSendThread)
java.io.IOException: Connection to teomor-ThinkPad-Ubuntu:9092 (id: 0 rack: null) failed.
	at org.apache.kafka.clients.NetworkClientUtils.awaitReady(NetworkClientUtils.java:71)
	at kafka.controller.RequestSendThread.brokerReady(ControllerChannelManager.scala:299)
	at kafka.controller.RequestSendThread.doWork(ControllerChannelManager.scala:252)
	at org.apache.kafka.server.util.ShutdownableThread.run(ShutdownableThread.java:136)
[2025-04-06 12:27:02,531] DEBUG [PartitionStateMachine controllerId=0] Started partition state machine with initial state -> Map() (kafka.controller.ZkPartitionStateMachine)
[2025-04-06 12:27:02,540] INFO [Controller id=0] Ready to serve as the new controller with epoch 3 (kafka.controller.KafkaController)
[2025-04-06 12:27:02,573] INFO [Controller id=0] Partitions undergoing preferred replica election:  (kafka.controller.KafkaController)
[2025-04-06 12:27:02,573] INFO [Controller id=0] Partitions that completed preferred replica election:  (kafka.controller.KafkaController)
[2025-04-06 12:27:02,575] INFO [Controller id=0] Skipping preferred replica election for partitions due to topic deletion:  (kafka.controller.KafkaController)
[2025-04-06 12:27:02,576] INFO [Controller id=0] Resuming preferred replica election for partitions:  (kafka.controller.KafkaController)
[2025-04-06 12:27:02,579] INFO [Controller id=0] Starting replica leader election (PREFERRED) for partitions  triggered by ZkTriggered (kafka.controller.KafkaController)
[2025-04-06 12:27:02,617] INFO [Controller id=0] Starting the controller scheduler (kafka.controller.KafkaController)
[2025-04-06 12:27:02,645] INFO [RequestSendThread controllerId=0] Controller 0 connected to teomor-ThinkPad-Ubuntu:9092 (id: 0 rack: null) for sending state change requests (kafka.controller.RequestSendThread)
[2025-04-06 12:27:07,619] INFO [Controller id=0] Processing automatic preferred replica leader election (kafka.controller.KafkaController)
[2025-04-06 12:27:07,620] TRACE [Controller id=0] Checking need to trigger auto leader balancing (kafka.controller.KafkaController)
[2025-04-06 12:27:10,775] INFO [Controller id=0] Shutting down broker 0 (kafka.controller.KafkaController)
[2025-04-06 12:27:10,775] DEBUG [Controller id=0] All shutting down brokers: 0 (kafka.controller.KafkaController)
[2025-04-06 12:27:10,776] DEBUG [Controller id=0] Live brokers:  (kafka.controller.KafkaController)
[2025-04-06 12:27:10,779] TRACE [Controller id=0] All leaders =  (kafka.controller.KafkaController)
[2025-04-06 12:27:10,905] INFO [ControllerEventThread controllerId=0] Shutting down (kafka.controller.ControllerEventManager$ControllerEventThread)
[2025-04-06 12:27:10,905] INFO [ControllerEventThread controllerId=0] Stopped (kafka.controller.ControllerEventManager$ControllerEventThread)
[2025-04-06 12:27:10,906] INFO [ControllerEventThread controllerId=0] Shutdown completed (kafka.controller.ControllerEventManager$ControllerEventThread)
[2025-04-06 12:27:10,906] DEBUG [Controller id=0] Resigning (kafka.controller.KafkaController)
[2025-04-06 12:27:10,907] DEBUG [Controller id=0] Unregister BrokerModifications handler for Set(0) (kafka.controller.KafkaController)
[2025-04-06 12:27:10,908] INFO [PartitionStateMachine controllerId=0] Stopped partition state machine (kafka.controller.ZkPartitionStateMachine)
[2025-04-06 12:27:10,909] INFO [ReplicaStateMachine controllerId=0] Stopped replica state machine (kafka.controller.ZkReplicaStateMachine)
[2025-04-06 12:27:10,909] INFO [RequestSendThread controllerId=0] Shutting down (kafka.controller.RequestSendThread)
[2025-04-06 12:27:10,909] INFO [RequestSendThread controllerId=0] Stopped (kafka.controller.RequestSendThread)
[2025-04-06 12:27:10,909] INFO [RequestSendThread controllerId=0] Shutdown completed (kafka.controller.RequestSendThread)
[2025-04-06 12:27:10,912] INFO [Controller id=0] Resigned (kafka.controller.KafkaController)
[2025-04-06 12:40:19,015] INFO [ControllerEventThread controllerId=0] Starting (kafka.controller.ControllerEventManager$ControllerEventThread)
[2025-04-06 12:40:19,076] INFO [Controller id=0] 0 successfully elected as the controller. Epoch incremented to 4 and epoch zk version is now 4 (kafka.controller.KafkaController)
[2025-04-06 12:40:19,084] INFO [Controller id=0] Registering handlers (kafka.controller.KafkaController)
[2025-04-06 12:40:19,108] INFO [Controller id=0] Deleting log dir event notifications (kafka.controller.KafkaController)
[2025-04-06 12:40:19,123] INFO [Controller id=0] Deleting isr change notifications (kafka.controller.KafkaController)
[2025-04-06 12:40:19,129] INFO [Controller id=0] Initializing controller context (kafka.controller.KafkaController)
[2025-04-06 12:40:19,167] INFO [Controller id=0] Initialized broker epochs cache: Map(0 -> 135) (kafka.controller.KafkaController)
[2025-04-06 12:40:19,182] DEBUG [Controller id=0] Register BrokerModifications handler for Set(0) (kafka.controller.KafkaController)
[2025-04-06 12:40:19,188] DEBUG [Channel manager on controller 0]: Controller 0 trying to connect to broker 0 (kafka.controller.ControllerChannelManager)
[2025-04-06 12:40:19,197] INFO [RequestSendThread controllerId=0] Starting (kafka.controller.RequestSendThread)
[2025-04-06 12:40:19,197] INFO [Controller id=0] Currently active brokers in the cluster: Set(0) (kafka.controller.KafkaController)
[2025-04-06 12:40:19,198] INFO [Controller id=0] Currently shutting brokers in the cluster: Set() (kafka.controller.KafkaController)
[2025-04-06 12:40:19,198] INFO [Controller id=0] Current list of topics in the cluster: Set() (kafka.controller.KafkaController)
[2025-04-06 12:40:19,199] INFO [Controller id=0] Fetching topic deletions in progress (kafka.controller.KafkaController)
[2025-04-06 12:40:19,205] INFO [Controller id=0] List of topics to be deleted:  (kafka.controller.KafkaController)
[2025-04-06 12:40:19,206] INFO [Controller id=0] List of topics ineligible for deletion:  (kafka.controller.KafkaController)
[2025-04-06 12:40:19,206] INFO [Controller id=0] Initializing topic deletion manager (kafka.controller.KafkaController)
[2025-04-06 12:40:19,207] INFO [Topic Deletion Manager 0] Initializing manager with initial deletions: Set(), initial ineligible deletions: Set() (kafka.controller.TopicDeletionManager)
[2025-04-06 12:40:19,209] INFO [Controller id=0] Sending update metadata request (kafka.controller.KafkaController)
[2025-04-06 12:40:19,235] INFO [ReplicaStateMachine controllerId=0] Initializing replica state (kafka.controller.ZkReplicaStateMachine)
[2025-04-06 12:40:19,236] INFO [ReplicaStateMachine controllerId=0] Triggering online replica state changes (kafka.controller.ZkReplicaStateMachine)
[2025-04-06 12:40:19,249] INFO [ReplicaStateMachine controllerId=0] Triggering offline replica state changes (kafka.controller.ZkReplicaStateMachine)
[2025-04-06 12:40:19,250] DEBUG [ReplicaStateMachine controllerId=0] Started replica state machine with initial state -> Map() (kafka.controller.ZkReplicaStateMachine)
[2025-04-06 12:40:19,250] INFO [PartitionStateMachine controllerId=0] Initializing partition state (kafka.controller.ZkPartitionStateMachine)
[2025-04-06 12:40:19,255] INFO [PartitionStateMachine controllerId=0] Triggering online partition state changes (kafka.controller.ZkPartitionStateMachine)
[2025-04-06 12:40:19,261] WARN [RequestSendThread controllerId=0] Controller 0's connection to broker teomor-ThinkPad-Ubuntu:9092 (id: 0 rack: null) was unsuccessful (kafka.controller.RequestSendThread)
java.io.IOException: Connection to teomor-ThinkPad-Ubuntu:9092 (id: 0 rack: null) failed.
	at org.apache.kafka.clients.NetworkClientUtils.awaitReady(NetworkClientUtils.java:71)
	at kafka.controller.RequestSendThread.brokerReady(ControllerChannelManager.scala:299)
	at kafka.controller.RequestSendThread.doWork(ControllerChannelManager.scala:252)
	at org.apache.kafka.server.util.ShutdownableThread.run(ShutdownableThread.java:136)
[2025-04-06 12:40:19,266] DEBUG [PartitionStateMachine controllerId=0] Started partition state machine with initial state -> Map() (kafka.controller.ZkPartitionStateMachine)
[2025-04-06 12:40:19,267] INFO [Controller id=0] Ready to serve as the new controller with epoch 4 (kafka.controller.KafkaController)
[2025-04-06 12:40:19,280] INFO [Controller id=0] Partitions undergoing preferred replica election:  (kafka.controller.KafkaController)
[2025-04-06 12:40:19,281] INFO [Controller id=0] Partitions that completed preferred replica election:  (kafka.controller.KafkaController)
[2025-04-06 12:40:19,281] INFO [Controller id=0] Skipping preferred replica election for partitions due to topic deletion:  (kafka.controller.KafkaController)
[2025-04-06 12:40:19,282] INFO [Controller id=0] Resuming preferred replica election for partitions:  (kafka.controller.KafkaController)
[2025-04-06 12:40:19,285] INFO [Controller id=0] Starting replica leader election (PREFERRED) for partitions  triggered by ZkTriggered (kafka.controller.KafkaController)
[2025-04-06 12:40:19,318] INFO [Controller id=0] Starting the controller scheduler (kafka.controller.KafkaController)
[2025-04-06 12:40:19,368] INFO [RequestSendThread controllerId=0] Controller 0 connected to teomor-ThinkPad-Ubuntu:9092 (id: 0 rack: null) for sending state change requests (kafka.controller.RequestSendThread)
[2025-04-06 12:40:24,319] INFO [Controller id=0] Processing automatic preferred replica leader election (kafka.controller.KafkaController)
[2025-04-06 12:40:24,320] TRACE [Controller id=0] Checking need to trigger auto leader balancing (kafka.controller.KafkaController)
[2025-04-06 12:44:54,159] INFO [ControllerEventThread controllerId=0] Starting (kafka.controller.ControllerEventManager$ControllerEventThread)
[2025-04-06 12:44:54,216] INFO [Controller id=0] 0 successfully elected as the controller. Epoch incremented to 5 and epoch zk version is now 5 (kafka.controller.KafkaController)
[2025-04-06 12:44:54,222] INFO [Controller id=0] Registering handlers (kafka.controller.KafkaController)
[2025-04-06 12:44:54,246] INFO [Controller id=0] Deleting log dir event notifications (kafka.controller.KafkaController)
[2025-04-06 12:44:54,263] INFO [Controller id=0] Deleting isr change notifications (kafka.controller.KafkaController)
[2025-04-06 12:44:54,268] INFO [Controller id=0] Initializing controller context (kafka.controller.KafkaController)
[2025-04-06 12:44:54,309] INFO [Controller id=0] Initialized broker epochs cache: Map(0 -> 187) (kafka.controller.KafkaController)
[2025-04-06 12:44:54,319] DEBUG [Controller id=0] Register BrokerModifications handler for Set(0) (kafka.controller.KafkaController)
[2025-04-06 12:44:54,326] DEBUG [Channel manager on controller 0]: Controller 0 trying to connect to broker 0 (kafka.controller.ControllerChannelManager)
[2025-04-06 12:44:54,335] INFO [RequestSendThread controllerId=0] Starting (kafka.controller.RequestSendThread)
[2025-04-06 12:44:54,336] INFO [Controller id=0] Currently active brokers in the cluster: Set(0) (kafka.controller.KafkaController)
[2025-04-06 12:44:54,337] INFO [Controller id=0] Currently shutting brokers in the cluster: Set() (kafka.controller.KafkaController)
[2025-04-06 12:44:54,337] INFO [Controller id=0] Current list of topics in the cluster: Set() (kafka.controller.KafkaController)
[2025-04-06 12:44:54,337] INFO [Controller id=0] Fetching topic deletions in progress (kafka.controller.KafkaController)
[2025-04-06 12:44:54,343] INFO [Controller id=0] List of topics to be deleted:  (kafka.controller.KafkaController)
[2025-04-06 12:44:54,343] INFO [Controller id=0] List of topics ineligible for deletion:  (kafka.controller.KafkaController)
[2025-04-06 12:44:54,344] INFO [Controller id=0] Initializing topic deletion manager (kafka.controller.KafkaController)
[2025-04-06 12:44:54,345] INFO [Topic Deletion Manager 0] Initializing manager with initial deletions: Set(), initial ineligible deletions: Set() (kafka.controller.TopicDeletionManager)
[2025-04-06 12:44:54,347] INFO [Controller id=0] Sending update metadata request (kafka.controller.KafkaController)
[2025-04-06 12:44:54,367] INFO [ReplicaStateMachine controllerId=0] Initializing replica state (kafka.controller.ZkReplicaStateMachine)
[2025-04-06 12:44:54,370] INFO [ReplicaStateMachine controllerId=0] Triggering online replica state changes (kafka.controller.ZkReplicaStateMachine)
[2025-04-06 12:44:54,379] INFO [ReplicaStateMachine controllerId=0] Triggering offline replica state changes (kafka.controller.ZkReplicaStateMachine)
[2025-04-06 12:44:54,379] DEBUG [ReplicaStateMachine controllerId=0] Started replica state machine with initial state -> Map() (kafka.controller.ZkReplicaStateMachine)
[2025-04-06 12:44:54,380] INFO [PartitionStateMachine controllerId=0] Initializing partition state (kafka.controller.ZkPartitionStateMachine)
[2025-04-06 12:44:54,381] INFO [PartitionStateMachine controllerId=0] Triggering online partition state changes (kafka.controller.ZkPartitionStateMachine)
[2025-04-06 12:44:54,391] WARN [RequestSendThread controllerId=0] Controller 0's connection to broker teomor-ThinkPad-Ubuntu:9092 (id: 0 rack: null) was unsuccessful (kafka.controller.RequestSendThread)
java.io.IOException: Connection to teomor-ThinkPad-Ubuntu:9092 (id: 0 rack: null) failed.
	at org.apache.kafka.clients.NetworkClientUtils.awaitReady(NetworkClientUtils.java:71)
	at kafka.controller.RequestSendThread.brokerReady(ControllerChannelManager.scala:299)
	at kafka.controller.RequestSendThread.doWork(ControllerChannelManager.scala:252)
	at org.apache.kafka.server.util.ShutdownableThread.run(ShutdownableThread.java:136)
[2025-04-06 12:44:54,391] DEBUG [PartitionStateMachine controllerId=0] Started partition state machine with initial state -> Map() (kafka.controller.ZkPartitionStateMachine)
[2025-04-06 12:44:54,396] INFO [Controller id=0] Ready to serve as the new controller with epoch 5 (kafka.controller.KafkaController)
[2025-04-06 12:44:54,409] INFO [Controller id=0] Partitions undergoing preferred replica election:  (kafka.controller.KafkaController)
[2025-04-06 12:44:54,413] INFO [Controller id=0] Partitions that completed preferred replica election:  (kafka.controller.KafkaController)
[2025-04-06 12:44:54,415] INFO [Controller id=0] Skipping preferred replica election for partitions due to topic deletion:  (kafka.controller.KafkaController)
[2025-04-06 12:44:54,415] INFO [Controller id=0] Resuming preferred replica election for partitions:  (kafka.controller.KafkaController)
[2025-04-06 12:44:54,416] INFO [Controller id=0] Starting replica leader election (PREFERRED) for partitions  triggered by ZkTriggered (kafka.controller.KafkaController)
[2025-04-06 12:44:54,443] INFO [Controller id=0] Starting the controller scheduler (kafka.controller.KafkaController)
[2025-04-06 12:44:54,496] INFO [RequestSendThread controllerId=0] Controller 0 connected to teomor-ThinkPad-Ubuntu:9092 (id: 0 rack: null) for sending state change requests (kafka.controller.RequestSendThread)
[2025-04-06 12:44:59,445] INFO [Controller id=0] Processing automatic preferred replica leader election (kafka.controller.KafkaController)
[2025-04-06 12:44:59,445] TRACE [Controller id=0] Checking need to trigger auto leader balancing (kafka.controller.KafkaController)
[2025-04-06 12:49:59,448] INFO [Controller id=0] Processing automatic preferred replica leader election (kafka.controller.KafkaController)
[2025-04-06 12:49:59,448] TRACE [Controller id=0] Checking need to trigger auto leader balancing (kafka.controller.KafkaController)
[2025-04-06 12:50:14,727] INFO [Controller id=0] New topics: [Set(location_updates)], deleted topics: [Set()], new partition replica assignment [Set(TopicIdReplicaAssignment(location_updates,Some(UxumfMHQTqOwHmVGPfuvUA),Map(location_updates-0 -> ReplicaAssignment(replicas=0, addingReplicas=, removingReplicas=))))] (kafka.controller.KafkaController)
[2025-04-06 12:50:14,729] INFO [Controller id=0] New partition creation callback for location_updates-0 (kafka.controller.KafkaController)
[2025-04-06 12:54:59,449] INFO [Controller id=0] Processing automatic preferred replica leader election (kafka.controller.KafkaController)
[2025-04-06 12:54:59,449] TRACE [Controller id=0] Checking need to trigger auto leader balancing (kafka.controller.KafkaController)
[2025-04-06 12:54:59,452] DEBUG [Controller id=0] Topics not in preferred replica for broker 0 Map() (kafka.controller.KafkaController)
[2025-04-06 12:54:59,454] TRACE [Controller id=0] Leader imbalance ratio for broker 0 is 0.0 (kafka.controller.KafkaController)
[2025-04-06 12:59:37,748] INFO [Controller id=0] New topics: [Set(__consumer_offsets)], deleted topics: [Set()], new partition replica assignment [Set(TopicIdReplicaAssignment(__consumer_offsets,Some(Z-RkR3PtT1uLj9ZdDvyEYA),Map(__consumer_offsets-22 -> ReplicaAssignment(replicas=0, addingReplicas=, removingReplicas=), __consumer_offsets-30 -> ReplicaAssignment(replicas=0, addingReplicas=, removingReplicas=), __consumer_offsets-8 -> ReplicaAssignment(replicas=0, addingReplicas=, removingReplicas=), __consumer_offsets-21 -> ReplicaAssignment(replicas=0, addingReplicas=, removingReplicas=), __consumer_offsets-4 -> ReplicaAssignment(replicas=0, addingReplicas=, removingReplicas=), __consumer_offsets-27 -> ReplicaAssignment(replicas=0, addingReplicas=, removingReplicas=), __consumer_offsets-7 -> ReplicaAssignment(replicas=0, addingReplicas=, removingReplicas=), __consumer_offsets-9 -> ReplicaAssignment(replicas=0, addingReplicas=, removingReplicas=), __consumer_offsets-46 -> ReplicaAssignment(replicas=0, addingReplicas=, removingReplicas=), __consumer_offsets-25 -> ReplicaAssignment(replicas=0, addingReplicas=, removingReplicas=), __consumer_offsets-35 -> ReplicaAssignment(replicas=0, addingReplicas=, removingReplicas=), __consumer_offsets-41 -> ReplicaAssignment(replicas=0, addingReplicas=, removingReplicas=), __consumer_offsets-33 -> ReplicaAssignment(replicas=0, addingReplicas=, removingReplicas=), __consumer_offsets-23 -> ReplicaAssignment(replicas=0, addingReplicas=, removingReplicas=), __consumer_offsets-49 -> ReplicaAssignment(replicas=0, addingReplicas=, removingReplicas=), __consumer_offsets-47 -> ReplicaAssignment(replicas=0, addingReplicas=, removingReplicas=), __consumer_offsets-16 -> ReplicaAssignment(replicas=0, addingReplicas=, removingReplicas=), __consumer_offsets-28 -> ReplicaAssignment(replicas=0, addingReplicas=, removingReplicas=), __consumer_offsets-31 -> ReplicaAssignment(replicas=0, addingReplicas=, removingReplicas=), __consumer_offsets-36 -> ReplicaAssignment(replicas=0, addingReplicas=, removingReplicas=), __consumer_offsets-42 -> ReplicaAssignment(replicas=0, addingReplicas=, removingReplicas=), __consumer_offsets-3 -> ReplicaAssignment(replicas=0, addingReplicas=, removingReplicas=), __consumer_offsets-18 -> ReplicaAssignment(replicas=0, addingReplicas=, removingReplicas=), __consumer_offsets-37 -> ReplicaAssignment(replicas=0, addingReplicas=, removingReplicas=), __consumer_offsets-15 -> ReplicaAssignment(replicas=0, addingReplicas=, removingReplicas=), __consumer_offsets-24 -> ReplicaAssignment(replicas=0, addingReplicas=, removingReplicas=), __consumer_offsets-38 -> ReplicaAssignment(replicas=0, addingReplicas=, removingReplicas=), __consumer_offsets-17 -> ReplicaAssignment(replicas=0, addingReplicas=, removingReplicas=), __consumer_offsets-48 -> ReplicaAssignment(replicas=0, addingReplicas=, removingReplicas=), __consumer_offsets-19 -> ReplicaAssignment(replicas=0, addingReplicas=, removingReplicas=), __consumer_offsets-11 -> ReplicaAssignment(replicas=0, addingReplicas=, removingReplicas=), __consumer_offsets-13 -> ReplicaAssignment(replicas=0, addingReplicas=, removingReplicas=), __consumer_offsets-2 -> ReplicaAssignment(replicas=0, addingReplicas=, removingReplicas=), __consumer_offsets-43 -> ReplicaAssignment(replicas=0, addingReplicas=, removingReplicas=), __consumer_offsets-6 -> ReplicaAssignment(replicas=0, addingReplicas=, removingReplicas=), __consumer_offsets-14 -> ReplicaAssignment(replicas=0, addingReplicas=, removingReplicas=), __consumer_offsets-20 -> ReplicaAssignment(replicas=0, addingReplicas=, removingReplicas=), __consumer_offsets-0 -> ReplicaAssignment(replicas=0, addingReplicas=, removingReplicas=), __consumer_offsets-44 -> ReplicaAssignment(replicas=0, addingReplicas=, removingReplicas=), __consumer_offsets-39 -> ReplicaAssignment(replicas=0, addingReplicas=, removingReplicas=), __consumer_offsets-12 -> ReplicaAssignment(replicas=0, addingReplicas=, removingReplicas=), __consumer_offsets-45 -> ReplicaAssignment(replicas=0, addingReplicas=, removingReplicas=), __consumer_offsets-1 -> ReplicaAssignment(replicas=0, addingReplicas=, removingReplicas=), __consumer_offsets-5 -> ReplicaAssignment(replicas=0, addingReplicas=, removingReplicas=), __consumer_offsets-26 -> ReplicaAssignment(replicas=0, addingReplicas=, removingReplicas=), __consumer_offsets-29 -> ReplicaAssignment(replicas=0, addingReplicas=, removingReplicas=), __consumer_offsets-34 -> ReplicaAssignment(replicas=0, addingReplicas=, removingReplicas=), __consumer_offsets-10 -> ReplicaAssignment(replicas=0, addingReplicas=, removingReplicas=), __consumer_offsets-32 -> ReplicaAssignment(replicas=0, addingReplicas=, removingReplicas=), __consumer_offsets-40 -> ReplicaAssignment(replicas=0, addingReplicas=, removingReplicas=))))] (kafka.controller.KafkaController)
[2025-04-06 12:59:37,750] INFO [Controller id=0] New partition creation callback for __consumer_offsets-22,__consumer_offsets-30,__consumer_offsets-8,__consumer_offsets-21,__consumer_offsets-4,__consumer_offsets-27,__consumer_offsets-7,__consumer_offsets-9,__consumer_offsets-46,__consumer_offsets-25,__consumer_offsets-35,__consumer_offsets-41,__consumer_offsets-33,__consumer_offsets-23,__consumer_offsets-49,__consumer_offsets-47,__consumer_offsets-16,__consumer_offsets-28,__consumer_offsets-31,__consumer_offsets-36,__consumer_offsets-42,__consumer_offsets-3,__consumer_offsets-18,__consumer_offsets-37,__consumer_offsets-15,__consumer_offsets-24,__consumer_offsets-38,__consumer_offsets-17,__consumer_offsets-48,__consumer_offsets-19,__consumer_offsets-11,__consumer_offsets-13,__consumer_offsets-2,__consumer_offsets-43,__consumer_offsets-6,__consumer_offsets-14,__consumer_offsets-20,__consumer_offsets-0,__consumer_offsets-44,__consumer_offsets-39,__consumer_offsets-12,__consumer_offsets-45,__consumer_offsets-1,__consumer_offsets-5,__consumer_offsets-26,__consumer_offsets-29,__consumer_offsets-34,__consumer_offsets-10,__consumer_offsets-32,__consumer_offsets-40 (kafka.controller.KafkaController)
[2025-04-06 12:59:59,455] INFO [Controller id=0] Processing automatic preferred replica leader election (kafka.controller.KafkaController)
[2025-04-06 12:59:59,455] TRACE [Controller id=0] Checking need to trigger auto leader balancing (kafka.controller.KafkaController)
[2025-04-06 12:59:59,458] DEBUG [Controller id=0] Topics not in preferred replica for broker 0 Map() (kafka.controller.KafkaController)
[2025-04-06 12:59:59,459] TRACE [Controller id=0] Leader imbalance ratio for broker 0 is 0.0 (kafka.controller.KafkaController)
