[2025-04-06 12:24:32,645] INFO [Controller id=0 epoch=1] Sending UpdateMetadata request to brokers Set(0) for 0 partitions (state.change.logger)
[2025-04-06 12:24:36,969] INFO [Controller id=0 epoch=1] Sending UpdateMetadata request to brokers Set() for 0 partitions (state.change.logger)
[2025-04-06 12:24:55,815] INFO [Controller id=0 epoch=2] Sending UpdateMetadata request to brokers Set(0) for 0 partitions (state.change.logger)
[2025-04-06 12:24:59,662] INFO [Controller id=0 epoch=2] Sending UpdateMetadata request to brokers Set() for 0 partitions (state.change.logger)
[2025-04-06 12:27:02,455] INFO [Controller id=0 epoch=3] Sending UpdateMetadata request to brokers Set(0) for 0 partitions (state.change.logger)
[2025-04-06 12:27:10,778] INFO [Controller id=0 epoch=3] Sending UpdateMetadata request to brokers Set() for 0 partitions (state.change.logger)
[2025-04-06 12:40:19,217] INFO [Controller id=0 epoch=4] Sending UpdateMetadata request to brokers Set(0) for 0 partitions (state.change.logger)
[2025-04-06 12:44:54,352] INFO [Controller id=0 epoch=5] Sending UpdateMetadata request to brokers Set(0) for 0 partitions (state.change.logger)
[2025-04-06 12:50:14,733] INFO [Controller id=0 epoch=5] Changed partition location_updates-0 state from NonExistentPartition to NewPartition with assigned replicas 0 (state.change.logger)
[2025-04-06 12:50:14,733] INFO [Controller id=0 epoch=5] Sending UpdateMetadata request to brokers Set() for 0 partitions (state.change.logger)
[2025-04-06 12:50:14,737] INFO [Controller id=0 epoch=5] Sending UpdateMetadata request to brokers Set() for 0 partitions (state.change.logger)
[2025-04-06 12:50:14,765] INFO [Controller id=0 epoch=5] Changed partition location_updates-0 from NewPartition to OnlinePartition with state LeaderAndIsr(leader=0, leaderEpoch=0, isrWithBrokerEpoch=List(BrokerState(brokerId=0, brokerEpoch=-1)), leaderRecoveryState=RECOVERED, partitionEpoch=0) (state.change.logger)
[2025-04-06 12:50:14,770] INFO [Controller id=0 epoch=5] Sending LeaderAndIsr request to broker 0 with 1 become-leader and 0 become-follower partitions (state.change.logger)
[2025-04-06 12:50:14,773] INFO [Controller id=0 epoch=5] Sending UpdateMetadata request to brokers Set(0) for 1 partitions (state.change.logger)
[2025-04-06 12:50:14,775] INFO [Controller id=0 epoch=5] Sending UpdateMetadata request to brokers Set() for 0 partitions (state.change.logger)
[2025-04-06 12:50:14,781] INFO [Broker id=0] Handling LeaderAndIsr request correlationId 1 from controller 0 for 1 partitions (state.change.logger)
[2025-04-06 12:50:14,803] INFO [Broker id=0] Stopped fetchers as part of LeaderAndIsr request correlationId 1 from controller 0 epoch 5 as part of the become-leader transition for 1 partitions (state.change.logger)
[2025-04-06 12:50:14,895] INFO [Broker id=0] Leader location_updates-0 with topic id Some(UxumfMHQTqOwHmVGPfuvUA) starts at leader epoch 0 from offset 0 with partition epoch 0, high watermark 0, ISR [0], adding replicas [] and removing replicas [] . Previous leader None and previous leader epoch was -1. (state.change.logger)
[2025-04-06 12:50:14,920] INFO [Broker id=0] Finished LeaderAndIsr request in 141ms correlationId 1 from controller 0 for 1 partitions (state.change.logger)
[2025-04-06 12:50:14,934] INFO [Broker id=0] Add 1 partitions and deleted 0 partitions from metadata cache in response to UpdateMetadata request sent by controller 0 epoch 5 with correlation id 2 (state.change.logger)
[2025-04-06 12:59:37,753] INFO [Controller id=0 epoch=5] Changed partition __consumer_offsets-22 state from NonExistentPartition to NewPartition with assigned replicas 0 (state.change.logger)
[2025-04-06 12:59:37,753] INFO [Controller id=0 epoch=5] Changed partition __consumer_offsets-30 state from NonExistentPartition to NewPartition with assigned replicas 0 (state.change.logger)
[2025-04-06 12:59:37,753] INFO [Controller id=0 epoch=5] Changed partition __consumer_offsets-8 state from NonExistentPartition to NewPartition with assigned replicas 0 (state.change.logger)
[2025-04-06 12:59:37,753] INFO [Controller id=0 epoch=5] Changed partition __consumer_offsets-21 state from NonExistentPartition to NewPartition with assigned replicas 0 (state.change.logger)
[2025-04-06 12:59:37,754] INFO [Controller id=0 epoch=5] Changed partition __consumer_offsets-4 state from NonExistentPartition to NewPartition with assigned replicas 0 (state.change.logger)
[2025-04-06 12:59:37,754] INFO [Controller id=0 epoch=5] Changed partition __consumer_offsets-27 state from NonExistentPartition to NewPartition with assigned replicas 0 (state.change.logger)
[2025-04-06 12:59:37,754] INFO [Controller id=0 epoch=5] Changed partition __consumer_offsets-7 state from NonExistentPartition to NewPartition with assigned replicas 0 (state.change.logger)
[2025-04-06 12:59:37,754] INFO [Controller id=0 epoch=5] Changed partition __consumer_offsets-9 state from NonExistentPartition to NewPartition with assigned replicas 0 (state.change.logger)
[2025-04-06 12:59:37,754] INFO [Controller id=0 epoch=5] Changed partition __consumer_offsets-46 state from NonExistentPartition to NewPartition with assigned replicas 0 (state.change.logger)
[2025-04-06 12:59:37,754] INFO [Controller id=0 epoch=5] Changed partition __consumer_offsets-25 state from NonExistentPartition to NewPartition with assigned replicas 0 (state.change.logger)
[2025-04-06 12:59:37,754] INFO [Controller id=0 epoch=5] Changed partition __consumer_offsets-35 state from NonExistentPartition to NewPartition with assigned replicas 0 (state.change.logger)
[2025-04-06 12:59:37,754] INFO [Controller id=0 epoch=5] Changed partition __consumer_offsets-41 state from NonExistentPartition to NewPartition with assigned replicas 0 (state.change.logger)
[2025-04-06 12:59:37,754] INFO [Controller id=0 epoch=5] Changed partition __consumer_offsets-33 state from NonExistentPartition to NewPartition with assigned replicas 0 (state.change.logger)
[2025-04-06 12:59:37,755] INFO [Controller id=0 epoch=5] Changed partition __consumer_offsets-23 state from NonExistentPartition to NewPartition with assigned replicas 0 (state.change.logger)
[2025-04-06 12:59:37,755] INFO [Controller id=0 epoch=5] Changed partition __consumer_offsets-49 state from NonExistentPartition to NewPartition with assigned replicas 0 (state.change.logger)
[2025-04-06 12:59:37,755] INFO [Controller id=0 epoch=5] Changed partition __consumer_offsets-47 state from NonExistentPartition to NewPartition with assigned replicas 0 (state.change.logger)
[2025-04-06 12:59:37,755] INFO [Controller id=0 epoch=5] Changed partition __consumer_offsets-16 state from NonExistentPartition to NewPartition with assigned replicas 0 (state.change.logger)
[2025-04-06 12:59:37,755] INFO [Controller id=0 epoch=5] Changed partition __consumer_offsets-28 state from NonExistentPartition to NewPartition with assigned replicas 0 (state.change.logger)
[2025-04-06 12:59:37,755] INFO [Controller id=0 epoch=5] Changed partition __consumer_offsets-31 state from NonExistentPartition to NewPartition with assigned replicas 0 (state.change.logger)
[2025-04-06 12:59:37,755] INFO [Controller id=0 epoch=5] Changed partition __consumer_offsets-36 state from NonExistentPartition to NewPartition with assigned replicas 0 (state.change.logger)
[2025-04-06 12:59:37,755] INFO [Controller id=0 epoch=5] Changed partition __consumer_offsets-42 state from NonExistentPartition to NewPartition with assigned replicas 0 (state.change.logger)
[2025-04-06 12:59:37,755] INFO [Controller id=0 epoch=5] Changed partition __consumer_offsets-3 state from NonExistentPartition to NewPartition with assigned replicas 0 (state.change.logger)
[2025-04-06 12:59:37,755] INFO [Controller id=0 epoch=5] Changed partition __consumer_offsets-18 state from NonExistentPartition to NewPartition with assigned replicas 0 (state.change.logger)
[2025-04-06 12:59:37,756] INFO [Controller id=0 epoch=5] Changed partition __consumer_offsets-37 state from NonExistentPartition to NewPartition with assigned replicas 0 (state.change.logger)
[2025-04-06 12:59:37,756] INFO [Controller id=0 epoch=5] Changed partition __consumer_offsets-15 state from NonExistentPartition to NewPartition with assigned replicas 0 (state.change.logger)
[2025-04-06 12:59:37,756] INFO [Controller id=0 epoch=5] Changed partition __consumer_offsets-24 state from NonExistentPartition to NewPartition with assigned replicas 0 (state.change.logger)
[2025-04-06 12:59:37,756] INFO [Controller id=0 epoch=5] Changed partition __consumer_offsets-38 state from NonExistentPartition to NewPartition with assigned replicas 0 (state.change.logger)
[2025-04-06 12:59:37,756] INFO [Controller id=0 epoch=5] Changed partition __consumer_offsets-17 state from NonExistentPartition to NewPartition with assigned replicas 0 (state.change.logger)
[2025-04-06 12:59:37,756] INFO [Controller id=0 epoch=5] Changed partition __consumer_offsets-48 state from NonExistentPartition to NewPartition with assigned replicas 0 (state.change.logger)
[2025-04-06 12:59:37,756] INFO [Controller id=0 epoch=5] Changed partition __consumer_offsets-19 state from NonExistentPartition to NewPartition with assigned replicas 0 (state.change.logger)
[2025-04-06 12:59:37,756] INFO [Controller id=0 epoch=5] Changed partition __consumer_offsets-11 state from NonExistentPartition to NewPartition with assigned replicas 0 (state.change.logger)
[2025-04-06 12:59:37,756] INFO [Controller id=0 epoch=5] Changed partition __consumer_offsets-13 state from NonExistentPartition to NewPartition with assigned replicas 0 (state.change.logger)
[2025-04-06 12:59:37,756] INFO [Controller id=0 epoch=5] Changed partition __consumer_offsets-2 state from NonExistentPartition to NewPartition with assigned replicas 0 (state.change.logger)
[2025-04-06 12:59:37,756] INFO [Controller id=0 epoch=5] Changed partition __consumer_offsets-43 state from NonExistentPartition to NewPartition with assigned replicas 0 (state.change.logger)
[2025-04-06 12:59:37,756] INFO [Controller id=0 epoch=5] Changed partition __consumer_offsets-6 state from NonExistentPartition to NewPartition with assigned replicas 0 (state.change.logger)
[2025-04-06 12:59:37,757] INFO [Controller id=0 epoch=5] Changed partition __consumer_offsets-14 state from NonExistentPartition to NewPartition with assigned replicas 0 (state.change.logger)
[2025-04-06 12:59:37,757] INFO [Controller id=0 epoch=5] Changed partition __consumer_offsets-20 state from NonExistentPartition to NewPartition with assigned replicas 0 (state.change.logger)
[2025-04-06 12:59:37,757] INFO [Controller id=0 epoch=5] Changed partition __consumer_offsets-0 state from NonExistentPartition to NewPartition with assigned replicas 0 (state.change.logger)
[2025-04-06 12:59:37,757] INFO [Controller id=0 epoch=5] Changed partition __consumer_offsets-44 state from NonExistentPartition to NewPartition with assigned replicas 0 (state.change.logger)
[2025-04-06 12:59:37,757] INFO [Controller id=0 epoch=5] Changed partition __consumer_offsets-39 state from NonExistentPartition to NewPartition with assigned replicas 0 (state.change.logger)
[2025-04-06 12:59:37,757] INFO [Controller id=0 epoch=5] Changed partition __consumer_offsets-12 state from NonExistentPartition to NewPartition with assigned replicas 0 (state.change.logger)
[2025-04-06 12:59:37,757] INFO [Controller id=0 epoch=5] Changed partition __consumer_offsets-45 state from NonExistentPartition to NewPartition with assigned replicas 0 (state.change.logger)
[2025-04-06 12:59:37,757] INFO [Controller id=0 epoch=5] Changed partition __consumer_offsets-1 state from NonExistentPartition to NewPartition with assigned replicas 0 (state.change.logger)
[2025-04-06 12:59:37,757] INFO [Controller id=0 epoch=5] Changed partition __consumer_offsets-5 state from NonExistentPartition to NewPartition with assigned replicas 0 (state.change.logger)
[2025-04-06 12:59:37,757] INFO [Controller id=0 epoch=5] Changed partition __consumer_offsets-26 state from NonExistentPartition to NewPartition with assigned replicas 0 (state.change.logger)
[2025-04-06 12:59:37,757] INFO [Controller id=0 epoch=5] Changed partition __consumer_offsets-29 state from NonExistentPartition to NewPartition with assigned replicas 0 (state.change.logger)
[2025-04-06 12:59:37,758] INFO [Controller id=0 epoch=5] Changed partition __consumer_offsets-34 state from NonExistentPartition to NewPartition with assigned replicas 0 (state.change.logger)
[2025-04-06 12:59:37,758] INFO [Controller id=0 epoch=5] Changed partition __consumer_offsets-10 state from NonExistentPartition to NewPartition with assigned replicas 0 (state.change.logger)
[2025-04-06 12:59:37,758] INFO [Controller id=0 epoch=5] Changed partition __consumer_offsets-32 state from NonExistentPartition to NewPartition with assigned replicas 0 (state.change.logger)
[2025-04-06 12:59:37,758] INFO [Controller id=0 epoch=5] Changed partition __consumer_offsets-40 state from NonExistentPartition to NewPartition with assigned replicas 0 (state.change.logger)
[2025-04-06 12:59:37,758] INFO [Controller id=0 epoch=5] Sending UpdateMetadata request to brokers Set() for 0 partitions (state.change.logger)
[2025-04-06 12:59:37,762] INFO [Controller id=0 epoch=5] Sending UpdateMetadata request to brokers Set() for 0 partitions (state.change.logger)
[2025-04-06 12:59:37,914] INFO [Controller id=0 epoch=5] Changed partition __consumer_offsets-22 from NewPartition to OnlinePartition with state LeaderAndIsr(leader=0, leaderEpoch=0, isrWithBrokerEpoch=List(BrokerState(brokerId=0, brokerEpoch=-1)), leaderRecoveryState=RECOVERED, partitionEpoch=0) (state.change.logger)
[2025-04-06 12:59:37,914] INFO [Controller id=0 epoch=5] Changed partition __consumer_offsets-30 from NewPartition to OnlinePartition with state LeaderAndIsr(leader=0, leaderEpoch=0, isrWithBrokerEpoch=List(BrokerState(brokerId=0, brokerEpoch=-1)), leaderRecoveryState=RECOVERED, partitionEpoch=0) (state.change.logger)
[2025-04-06 12:59:37,914] INFO [Controller id=0 epoch=5] Changed partition __consumer_offsets-8 from NewPartition to OnlinePartition with state LeaderAndIsr(leader=0, leaderEpoch=0, isrWithBrokerEpoch=List(BrokerState(brokerId=0, brokerEpoch=-1)), leaderRecoveryState=RECOVERED, partitionEpoch=0) (state.change.logger)
[2025-04-06 12:59:37,914] INFO [Controller id=0 epoch=5] Changed partition __consumer_offsets-21 from NewPartition to OnlinePartition with state LeaderAndIsr(leader=0, leaderEpoch=0, isrWithBrokerEpoch=List(BrokerState(brokerId=0, brokerEpoch=-1)), leaderRecoveryState=RECOVERED, partitionEpoch=0) (state.change.logger)
[2025-04-06 12:59:37,914] INFO [Controller id=0 epoch=5] Changed partition __consumer_offsets-4 from NewPartition to OnlinePartition with state LeaderAndIsr(leader=0, leaderEpoch=0, isrWithBrokerEpoch=List(BrokerState(brokerId=0, brokerEpoch=-1)), leaderRecoveryState=RECOVERED, partitionEpoch=0) (state.change.logger)
[2025-04-06 12:59:37,914] INFO [Controller id=0 epoch=5] Changed partition __consumer_offsets-27 from NewPartition to OnlinePartition with state LeaderAndIsr(leader=0, leaderEpoch=0, isrWithBrokerEpoch=List(BrokerState(brokerId=0, brokerEpoch=-1)), leaderRecoveryState=RECOVERED, partitionEpoch=0) (state.change.logger)
[2025-04-06 12:59:37,914] INFO [Controller id=0 epoch=5] Changed partition __consumer_offsets-7 from NewPartition to OnlinePartition with state LeaderAndIsr(leader=0, leaderEpoch=0, isrWithBrokerEpoch=List(BrokerState(brokerId=0, brokerEpoch=-1)), leaderRecoveryState=RECOVERED, partitionEpoch=0) (state.change.logger)
[2025-04-06 12:59:37,915] INFO [Controller id=0 epoch=5] Changed partition __consumer_offsets-9 from NewPartition to OnlinePartition with state LeaderAndIsr(leader=0, leaderEpoch=0, isrWithBrokerEpoch=List(BrokerState(brokerId=0, brokerEpoch=-1)), leaderRecoveryState=RECOVERED, partitionEpoch=0) (state.change.logger)
[2025-04-06 12:59:37,915] INFO [Controller id=0 epoch=5] Changed partition __consumer_offsets-46 from NewPartition to OnlinePartition with state LeaderAndIsr(leader=0, leaderEpoch=0, isrWithBrokerEpoch=List(BrokerState(brokerId=0, brokerEpoch=-1)), leaderRecoveryState=RECOVERED, partitionEpoch=0) (state.change.logger)
[2025-04-06 12:59:37,915] INFO [Controller id=0 epoch=5] Changed partition __consumer_offsets-25 from NewPartition to OnlinePartition with state LeaderAndIsr(leader=0, leaderEpoch=0, isrWithBrokerEpoch=List(BrokerState(brokerId=0, brokerEpoch=-1)), leaderRecoveryState=RECOVERED, partitionEpoch=0) (state.change.logger)
[2025-04-06 12:59:37,915] INFO [Controller id=0 epoch=5] Changed partition __consumer_offsets-35 from NewPartition to OnlinePartition with state LeaderAndIsr(leader=0, leaderEpoch=0, isrWithBrokerEpoch=List(BrokerState(brokerId=0, brokerEpoch=-1)), leaderRecoveryState=RECOVERED, partitionEpoch=0) (state.change.logger)
[2025-04-06 12:59:37,915] INFO [Controller id=0 epoch=5] Changed partition __consumer_offsets-41 from NewPartition to OnlinePartition with state LeaderAndIsr(leader=0, leaderEpoch=0, isrWithBrokerEpoch=List(BrokerState(brokerId=0, brokerEpoch=-1)), leaderRecoveryState=RECOVERED, partitionEpoch=0) (state.change.logger)
[2025-04-06 12:59:37,915] INFO [Controller id=0 epoch=5] Changed partition __consumer_offsets-33 from NewPartition to OnlinePartition with state LeaderAndIsr(leader=0, leaderEpoch=0, isrWithBrokerEpoch=List(BrokerState(brokerId=0, brokerEpoch=-1)), leaderRecoveryState=RECOVERED, partitionEpoch=0) (state.change.logger)
[2025-04-06 12:59:37,915] INFO [Controller id=0 epoch=5] Changed partition __consumer_offsets-23 from NewPartition to OnlinePartition with state LeaderAndIsr(leader=0, leaderEpoch=0, isrWithBrokerEpoch=List(BrokerState(brokerId=0, brokerEpoch=-1)), leaderRecoveryState=RECOVERED, partitionEpoch=0) (state.change.logger)
[2025-04-06 12:59:37,915] INFO [Controller id=0 epoch=5] Changed partition __consumer_offsets-49 from NewPartition to OnlinePartition with state LeaderAndIsr(leader=0, leaderEpoch=0, isrWithBrokerEpoch=List(BrokerState(brokerId=0, brokerEpoch=-1)), leaderRecoveryState=RECOVERED, partitionEpoch=0) (state.change.logger)
[2025-04-06 12:59:37,915] INFO [Controller id=0 epoch=5] Changed partition __consumer_offsets-47 from NewPartition to OnlinePartition with state LeaderAndIsr(leader=0, leaderEpoch=0, isrWithBrokerEpoch=List(BrokerState(brokerId=0, brokerEpoch=-1)), leaderRecoveryState=RECOVERED, partitionEpoch=0) (state.change.logger)
[2025-04-06 12:59:37,915] INFO [Controller id=0 epoch=5] Changed partition __consumer_offsets-16 from NewPartition to OnlinePartition with state LeaderAndIsr(leader=0, leaderEpoch=0, isrWithBrokerEpoch=List(BrokerState(brokerId=0, brokerEpoch=-1)), leaderRecoveryState=RECOVERED, partitionEpoch=0) (state.change.logger)
[2025-04-06 12:59:37,915] INFO [Controller id=0 epoch=5] Changed partition __consumer_offsets-28 from NewPartition to OnlinePartition with state LeaderAndIsr(leader=0, leaderEpoch=0, isrWithBrokerEpoch=List(BrokerState(brokerId=0, brokerEpoch=-1)), leaderRecoveryState=RECOVERED, partitionEpoch=0) (state.change.logger)
[2025-04-06 12:59:37,915] INFO [Controller id=0 epoch=5] Changed partition __consumer_offsets-31 from NewPartition to OnlinePartition with state LeaderAndIsr(leader=0, leaderEpoch=0, isrWithBrokerEpoch=List(BrokerState(brokerId=0, brokerEpoch=-1)), leaderRecoveryState=RECOVERED, partitionEpoch=0) (state.change.logger)
[2025-04-06 12:59:37,915] INFO [Controller id=0 epoch=5] Changed partition __consumer_offsets-36 from NewPartition to OnlinePartition with state LeaderAndIsr(leader=0, leaderEpoch=0, isrWithBrokerEpoch=List(BrokerState(brokerId=0, brokerEpoch=-1)), leaderRecoveryState=RECOVERED, partitionEpoch=0) (state.change.logger)
[2025-04-06 12:59:37,916] INFO [Controller id=0 epoch=5] Changed partition __consumer_offsets-42 from NewPartition to OnlinePartition with state LeaderAndIsr(leader=0, leaderEpoch=0, isrWithBrokerEpoch=List(BrokerState(brokerId=0, brokerEpoch=-1)), leaderRecoveryState=RECOVERED, partitionEpoch=0) (state.change.logger)
[2025-04-06 12:59:37,916] INFO [Controller id=0 epoch=5] Changed partition __consumer_offsets-3 from NewPartition to OnlinePartition with state LeaderAndIsr(leader=0, leaderEpoch=0, isrWithBrokerEpoch=List(BrokerState(brokerId=0, brokerEpoch=-1)), leaderRecoveryState=RECOVERED, partitionEpoch=0) (state.change.logger)
[2025-04-06 12:59:37,916] INFO [Controller id=0 epoch=5] Changed partition __consumer_offsets-18 from NewPartition to OnlinePartition with state LeaderAndIsr(leader=0, leaderEpoch=0, isrWithBrokerEpoch=List(BrokerState(brokerId=0, brokerEpoch=-1)), leaderRecoveryState=RECOVERED, partitionEpoch=0) (state.change.logger)
[2025-04-06 12:59:37,916] INFO [Controller id=0 epoch=5] Changed partition __consumer_offsets-37 from NewPartition to OnlinePartition with state LeaderAndIsr(leader=0, leaderEpoch=0, isrWithBrokerEpoch=List(BrokerState(brokerId=0, brokerEpoch=-1)), leaderRecoveryState=RECOVERED, partitionEpoch=0) (state.change.logger)
[2025-04-06 12:59:37,916] INFO [Controller id=0 epoch=5] Changed partition __consumer_offsets-15 from NewPartition to OnlinePartition with state LeaderAndIsr(leader=0, leaderEpoch=0, isrWithBrokerEpoch=List(BrokerState(brokerId=0, brokerEpoch=-1)), leaderRecoveryState=RECOVERED, partitionEpoch=0) (state.change.logger)
[2025-04-06 12:59:37,916] INFO [Controller id=0 epoch=5] Changed partition __consumer_offsets-24 from NewPartition to OnlinePartition with state LeaderAndIsr(leader=0, leaderEpoch=0, isrWithBrokerEpoch=List(BrokerState(brokerId=0, brokerEpoch=-1)), leaderRecoveryState=RECOVERED, partitionEpoch=0) (state.change.logger)
[2025-04-06 12:59:37,916] INFO [Controller id=0 epoch=5] Changed partition __consumer_offsets-38 from NewPartition to OnlinePartition with state LeaderAndIsr(leader=0, leaderEpoch=0, isrWithBrokerEpoch=List(BrokerState(brokerId=0, brokerEpoch=-1)), leaderRecoveryState=RECOVERED, partitionEpoch=0) (state.change.logger)
[2025-04-06 12:59:37,916] INFO [Controller id=0 epoch=5] Changed partition __consumer_offsets-17 from NewPartition to OnlinePartition with state LeaderAndIsr(leader=0, leaderEpoch=0, isrWithBrokerEpoch=List(BrokerState(brokerId=0, brokerEpoch=-1)), leaderRecoveryState=RECOVERED, partitionEpoch=0) (state.change.logger)
[2025-04-06 12:59:37,916] INFO [Controller id=0 epoch=5] Changed partition __consumer_offsets-48 from NewPartition to OnlinePartition with state LeaderAndIsr(leader=0, leaderEpoch=0, isrWithBrokerEpoch=List(BrokerState(brokerId=0, brokerEpoch=-1)), leaderRecoveryState=RECOVERED, partitionEpoch=0) (state.change.logger)
[2025-04-06 12:59:37,916] INFO [Controller id=0 epoch=5] Changed partition __consumer_offsets-19 from NewPartition to OnlinePartition with state LeaderAndIsr(leader=0, leaderEpoch=0, isrWithBrokerEpoch=List(BrokerState(brokerId=0, brokerEpoch=-1)), leaderRecoveryState=RECOVERED, partitionEpoch=0) (state.change.logger)
[2025-04-06 12:59:37,916] INFO [Controller id=0 epoch=5] Changed partition __consumer_offsets-11 from NewPartition to OnlinePartition with state LeaderAndIsr(leader=0, leaderEpoch=0, isrWithBrokerEpoch=List(BrokerState(brokerId=0, brokerEpoch=-1)), leaderRecoveryState=RECOVERED, partitionEpoch=0) (state.change.logger)
[2025-04-06 12:59:37,916] INFO [Controller id=0 epoch=5] Changed partition __consumer_offsets-13 from NewPartition to OnlinePartition with state LeaderAndIsr(leader=0, leaderEpoch=0, isrWithBrokerEpoch=List(BrokerState(brokerId=0, brokerEpoch=-1)), leaderRecoveryState=RECOVERED, partitionEpoch=0) (state.change.logger)
[2025-04-06 12:59:37,916] INFO [Controller id=0 epoch=5] Changed partition __consumer_offsets-2 from NewPartition to OnlinePartition with state LeaderAndIsr(leader=0, leaderEpoch=0, isrWithBrokerEpoch=List(BrokerState(brokerId=0, brokerEpoch=-1)), leaderRecoveryState=RECOVERED, partitionEpoch=0) (state.change.logger)
[2025-04-06 12:59:37,916] INFO [Controller id=0 epoch=5] Changed partition __consumer_offsets-43 from NewPartition to OnlinePartition with state LeaderAndIsr(leader=0, leaderEpoch=0, isrWithBrokerEpoch=List(BrokerState(brokerId=0, brokerEpoch=-1)), leaderRecoveryState=RECOVERED, partitionEpoch=0) (state.change.logger)
[2025-04-06 12:59:37,916] INFO [Controller id=0 epoch=5] Changed partition __consumer_offsets-6 from NewPartition to OnlinePartition with state LeaderAndIsr(leader=0, leaderEpoch=0, isrWithBrokerEpoch=List(BrokerState(brokerId=0, brokerEpoch=-1)), leaderRecoveryState=RECOVERED, partitionEpoch=0) (state.change.logger)
[2025-04-06 12:59:37,917] INFO [Controller id=0 epoch=5] Changed partition __consumer_offsets-14 from NewPartition to OnlinePartition with state LeaderAndIsr(leader=0, leaderEpoch=0, isrWithBrokerEpoch=List(BrokerState(brokerId=0, brokerEpoch=-1)), leaderRecoveryState=RECOVERED, partitionEpoch=0) (state.change.logger)
[2025-04-06 12:59:37,917] INFO [Controller id=0 epoch=5] Changed partition __consumer_offsets-20 from NewPartition to OnlinePartition with state LeaderAndIsr(leader=0, leaderEpoch=0, isrWithBrokerEpoch=List(BrokerState(brokerId=0, brokerEpoch=-1)), leaderRecoveryState=RECOVERED, partitionEpoch=0) (state.change.logger)
[2025-04-06 12:59:37,917] INFO [Controller id=0 epoch=5] Changed partition __consumer_offsets-0 from NewPartition to OnlinePartition with state LeaderAndIsr(leader=0, leaderEpoch=0, isrWithBrokerEpoch=List(BrokerState(brokerId=0, brokerEpoch=-1)), leaderRecoveryState=RECOVERED, partitionEpoch=0) (state.change.logger)
[2025-04-06 12:59:37,917] INFO [Controller id=0 epoch=5] Changed partition __consumer_offsets-44 from NewPartition to OnlinePartition with state LeaderAndIsr(leader=0, leaderEpoch=0, isrWithBrokerEpoch=List(BrokerState(brokerId=0, brokerEpoch=-1)), leaderRecoveryState=RECOVERED, partitionEpoch=0) (state.change.logger)
[2025-04-06 12:59:37,917] INFO [Controller id=0 epoch=5] Changed partition __consumer_offsets-39 from NewPartition to OnlinePartition with state LeaderAndIsr(leader=0, leaderEpoch=0, isrWithBrokerEpoch=List(BrokerState(brokerId=0, brokerEpoch=-1)), leaderRecoveryState=RECOVERED, partitionEpoch=0) (state.change.logger)
[2025-04-06 12:59:37,917] INFO [Controller id=0 epoch=5] Changed partition __consumer_offsets-12 from NewPartition to OnlinePartition with state LeaderAndIsr(leader=0, leaderEpoch=0, isrWithBrokerEpoch=List(BrokerState(brokerId=0, brokerEpoch=-1)), leaderRecoveryState=RECOVERED, partitionEpoch=0) (state.change.logger)
[2025-04-06 12:59:37,917] INFO [Controller id=0 epoch=5] Changed partition __consumer_offsets-45 from NewPartition to OnlinePartition with state LeaderAndIsr(leader=0, leaderEpoch=0, isrWithBrokerEpoch=List(BrokerState(brokerId=0, brokerEpoch=-1)), leaderRecoveryState=RECOVERED, partitionEpoch=0) (state.change.logger)
[2025-04-06 12:59:37,917] INFO [Controller id=0 epoch=5] Changed partition __consumer_offsets-1 from NewPartition to OnlinePartition with state LeaderAndIsr(leader=0, leaderEpoch=0, isrWithBrokerEpoch=List(BrokerState(brokerId=0, brokerEpoch=-1)), leaderRecoveryState=RECOVERED, partitionEpoch=0) (state.change.logger)
[2025-04-06 12:59:37,917] INFO [Controller id=0 epoch=5] Changed partition __consumer_offsets-5 from NewPartition to OnlinePartition with state LeaderAndIsr(leader=0, leaderEpoch=0, isrWithBrokerEpoch=List(BrokerState(brokerId=0, brokerEpoch=-1)), leaderRecoveryState=RECOVERED, partitionEpoch=0) (state.change.logger)
[2025-04-06 12:59:37,917] INFO [Controller id=0 epoch=5] Changed partition __consumer_offsets-26 from NewPartition to OnlinePartition with state LeaderAndIsr(leader=0, leaderEpoch=0, isrWithBrokerEpoch=List(BrokerState(brokerId=0, brokerEpoch=-1)), leaderRecoveryState=RECOVERED, partitionEpoch=0) (state.change.logger)
[2025-04-06 12:59:37,917] INFO [Controller id=0 epoch=5] Changed partition __consumer_offsets-29 from NewPartition to OnlinePartition with state LeaderAndIsr(leader=0, leaderEpoch=0, isrWithBrokerEpoch=List(BrokerState(brokerId=0, brokerEpoch=-1)), leaderRecoveryState=RECOVERED, partitionEpoch=0) (state.change.logger)
[2025-04-06 12:59:37,917] INFO [Controller id=0 epoch=5] Changed partition __consumer_offsets-34 from NewPartition to OnlinePartition with state LeaderAndIsr(leader=0, leaderEpoch=0, isrWithBrokerEpoch=List(BrokerState(brokerId=0, brokerEpoch=-1)), leaderRecoveryState=RECOVERED, partitionEpoch=0) (state.change.logger)
[2025-04-06 12:59:37,918] INFO [Controller id=0 epoch=5] Changed partition __consumer_offsets-10 from NewPartition to OnlinePartition with state LeaderAndIsr(leader=0, leaderEpoch=0, isrWithBrokerEpoch=List(BrokerState(brokerId=0, brokerEpoch=-1)), leaderRecoveryState=RECOVERED, partitionEpoch=0) (state.change.logger)
[2025-04-06 12:59:37,918] INFO [Controller id=0 epoch=5] Changed partition __consumer_offsets-32 from NewPartition to OnlinePartition with state LeaderAndIsr(leader=0, leaderEpoch=0, isrWithBrokerEpoch=List(BrokerState(brokerId=0, brokerEpoch=-1)), leaderRecoveryState=RECOVERED, partitionEpoch=0) (state.change.logger)
[2025-04-06 12:59:37,918] INFO [Controller id=0 epoch=5] Changed partition __consumer_offsets-40 from NewPartition to OnlinePartition with state LeaderAndIsr(leader=0, leaderEpoch=0, isrWithBrokerEpoch=List(BrokerState(brokerId=0, brokerEpoch=-1)), leaderRecoveryState=RECOVERED, partitionEpoch=0) (state.change.logger)
[2025-04-06 12:59:37,918] INFO [Controller id=0 epoch=5] Sending LeaderAndIsr request to broker 0 with 50 become-leader and 0 become-follower partitions (state.change.logger)
[2025-04-06 12:59:37,919] INFO [Controller id=0 epoch=5] Sending UpdateMetadata request to brokers Set(0) for 50 partitions (state.change.logger)
[2025-04-06 12:59:37,922] INFO [Controller id=0 epoch=5] Sending UpdateMetadata request to brokers Set() for 0 partitions (state.change.logger)
[2025-04-06 12:59:37,925] INFO [Broker id=0] Handling LeaderAndIsr request correlationId 3 from controller 0 for 50 partitions (state.change.logger)
[2025-04-06 12:59:37,959] INFO [Broker id=0] Stopped fetchers as part of LeaderAndIsr request correlationId 3 from controller 0 epoch 5 as part of the become-leader transition for 50 partitions (state.change.logger)
[2025-04-06 12:59:37,969] INFO [Broker id=0] Leader __consumer_offsets-0 with topic id Some(Z-RkR3PtT1uLj9ZdDvyEYA) starts at leader epoch 0 from offset 0 with partition epoch 0, high watermark 0, ISR [0], adding replicas [] and removing replicas [] . Previous leader None and previous leader epoch was -1. (state.change.logger)
[2025-04-06 12:59:37,985] INFO [Broker id=0] Leader __consumer_offsets-29 with topic id Some(Z-RkR3PtT1uLj9ZdDvyEYA) starts at leader epoch 0 from offset 0 with partition epoch 0, high watermark 0, ISR [0], adding replicas [] and removing replicas [] . Previous leader None and previous leader epoch was -1. (state.change.logger)
[2025-04-06 12:59:38,003] INFO [Broker id=0] Leader __consumer_offsets-48 with topic id Some(Z-RkR3PtT1uLj9ZdDvyEYA) starts at leader epoch 0 from offset 0 with partition epoch 0, high watermark 0, ISR [0], adding replicas [] and removing replicas [] . Previous leader None and previous leader epoch was -1. (state.change.logger)
[2025-04-06 12:59:38,016] INFO [Broker id=0] Leader __consumer_offsets-10 with topic id Some(Z-RkR3PtT1uLj9ZdDvyEYA) starts at leader epoch 0 from offset 0 with partition epoch 0, high watermark 0, ISR [0], adding replicas [] and removing replicas [] . Previous leader None and previous leader epoch was -1. (state.change.logger)
[2025-04-06 12:59:38,028] INFO [Broker id=0] Leader __consumer_offsets-45 with topic id Some(Z-RkR3PtT1uLj9ZdDvyEYA) starts at leader epoch 0 from offset 0 with partition epoch 0, high watermark 0, ISR [0], adding replicas [] and removing replicas [] . Previous leader None and previous leader epoch was -1. (state.change.logger)
[2025-04-06 12:59:38,040] INFO [Broker id=0] Leader __consumer_offsets-26 with topic id Some(Z-RkR3PtT1uLj9ZdDvyEYA) starts at leader epoch 0 from offset 0 with partition epoch 0, high watermark 0, ISR [0], adding replicas [] and removing replicas [] . Previous leader None and previous leader epoch was -1. (state.change.logger)
[2025-04-06 12:59:38,054] INFO [Broker id=0] Leader __consumer_offsets-7 with topic id Some(Z-RkR3PtT1uLj9ZdDvyEYA) starts at leader epoch 0 from offset 0 with partition epoch 0, high watermark 0, ISR [0], adding replicas [] and removing replicas [] . Previous leader None and previous leader epoch was -1. (state.change.logger)
[2025-04-06 12:59:38,066] INFO [Broker id=0] Leader __consumer_offsets-42 with topic id Some(Z-RkR3PtT1uLj9ZdDvyEYA) starts at leader epoch 0 from offset 0 with partition epoch 0, high watermark 0, ISR [0], adding replicas [] and removing replicas [] . Previous leader None and previous leader epoch was -1. (state.change.logger)
[2025-04-06 12:59:38,078] INFO [Broker id=0] Leader __consumer_offsets-4 with topic id Some(Z-RkR3PtT1uLj9ZdDvyEYA) starts at leader epoch 0 from offset 0 with partition epoch 0, high watermark 0, ISR [0], adding replicas [] and removing replicas [] . Previous leader None and previous leader epoch was -1. (state.change.logger)
[2025-04-06 12:59:38,091] INFO [Broker id=0] Leader __consumer_offsets-23 with topic id Some(Z-RkR3PtT1uLj9ZdDvyEYA) starts at leader epoch 0 from offset 0 with partition epoch 0, high watermark 0, ISR [0], adding replicas [] and removing replicas [] . Previous leader None and previous leader epoch was -1. (state.change.logger)
[2025-04-06 12:59:38,104] INFO [Broker id=0] Leader __consumer_offsets-1 with topic id Some(Z-RkR3PtT1uLj9ZdDvyEYA) starts at leader epoch 0 from offset 0 with partition epoch 0, high watermark 0, ISR [0], adding replicas [] and removing replicas [] . Previous leader None and previous leader epoch was -1. (state.change.logger)
[2025-04-06 12:59:38,118] INFO [Broker id=0] Leader __consumer_offsets-20 with topic id Some(Z-RkR3PtT1uLj9ZdDvyEYA) starts at leader epoch 0 from offset 0 with partition epoch 0, high watermark 0, ISR [0], adding replicas [] and removing replicas [] . Previous leader None and previous leader epoch was -1. (state.change.logger)
[2025-04-06 12:59:38,133] INFO [Broker id=0] Leader __consumer_offsets-39 with topic id Some(Z-RkR3PtT1uLj9ZdDvyEYA) starts at leader epoch 0 from offset 0 with partition epoch 0, high watermark 0, ISR [0], adding replicas [] and removing replicas [] . Previous leader None and previous leader epoch was -1. (state.change.logger)
[2025-04-06 12:59:38,146] INFO [Broker id=0] Leader __consumer_offsets-17 with topic id Some(Z-RkR3PtT1uLj9ZdDvyEYA) starts at leader epoch 0 from offset 0 with partition epoch 0, high watermark 0, ISR [0], adding replicas [] and removing replicas [] . Previous leader None and previous leader epoch was -1. (state.change.logger)
[2025-04-06 12:59:38,160] INFO [Broker id=0] Leader __consumer_offsets-36 with topic id Some(Z-RkR3PtT1uLj9ZdDvyEYA) starts at leader epoch 0 from offset 0 with partition epoch 0, high watermark 0, ISR [0], adding replicas [] and removing replicas [] . Previous leader None and previous leader epoch was -1. (state.change.logger)
[2025-04-06 12:59:38,171] INFO [Broker id=0] Leader __consumer_offsets-14 with topic id Some(Z-RkR3PtT1uLj9ZdDvyEYA) starts at leader epoch 0 from offset 0 with partition epoch 0, high watermark 0, ISR [0], adding replicas [] and removing replicas [] . Previous leader None and previous leader epoch was -1. (state.change.logger)
[2025-04-06 12:59:38,184] INFO [Broker id=0] Leader __consumer_offsets-33 with topic id Some(Z-RkR3PtT1uLj9ZdDvyEYA) starts at leader epoch 0 from offset 0 with partition epoch 0, high watermark 0, ISR [0], adding replicas [] and removing replicas [] . Previous leader None and previous leader epoch was -1. (state.change.logger)
[2025-04-06 12:59:38,198] INFO [Broker id=0] Leader __consumer_offsets-49 with topic id Some(Z-RkR3PtT1uLj9ZdDvyEYA) starts at leader epoch 0 from offset 0 with partition epoch 0, high watermark 0, ISR [0], adding replicas [] and removing replicas [] . Previous leader None and previous leader epoch was -1. (state.change.logger)
[2025-04-06 12:59:38,208] INFO [Broker id=0] Leader __consumer_offsets-11 with topic id Some(Z-RkR3PtT1uLj9ZdDvyEYA) starts at leader epoch 0 from offset 0 with partition epoch 0, high watermark 0, ISR [0], adding replicas [] and removing replicas [] . Previous leader None and previous leader epoch was -1. (state.change.logger)
[2025-04-06 12:59:38,220] INFO [Broker id=0] Leader __consumer_offsets-30 with topic id Some(Z-RkR3PtT1uLj9ZdDvyEYA) starts at leader epoch 0 from offset 0 with partition epoch 0, high watermark 0, ISR [0], adding replicas [] and removing replicas [] . Previous leader None and previous leader epoch was -1. (state.change.logger)
[2025-04-06 12:59:38,233] INFO [Broker id=0] Leader __consumer_offsets-46 with topic id Some(Z-RkR3PtT1uLj9ZdDvyEYA) starts at leader epoch 0 from offset 0 with partition epoch 0, high watermark 0, ISR [0], adding replicas [] and removing replicas [] . Previous leader None and previous leader epoch was -1. (state.change.logger)
[2025-04-06 12:59:38,246] INFO [Broker id=0] Leader __consumer_offsets-27 with topic id Some(Z-RkR3PtT1uLj9ZdDvyEYA) starts at leader epoch 0 from offset 0 with partition epoch 0, high watermark 0, ISR [0], adding replicas [] and removing replicas [] . Previous leader None and previous leader epoch was -1. (state.change.logger)
[2025-04-06 12:59:38,257] INFO [Broker id=0] Leader __consumer_offsets-8 with topic id Some(Z-RkR3PtT1uLj9ZdDvyEYA) starts at leader epoch 0 from offset 0 with partition epoch 0, high watermark 0, ISR [0], adding replicas [] and removing replicas [] . Previous leader None and previous leader epoch was -1. (state.change.logger)
[2025-04-06 12:59:38,267] INFO [Broker id=0] Leader __consumer_offsets-24 with topic id Some(Z-RkR3PtT1uLj9ZdDvyEYA) starts at leader epoch 0 from offset 0 with partition epoch 0, high watermark 0, ISR [0], adding replicas [] and removing replicas [] . Previous leader None and previous leader epoch was -1. (state.change.logger)
[2025-04-06 12:59:38,279] INFO [Broker id=0] Leader __consumer_offsets-43 with topic id Some(Z-RkR3PtT1uLj9ZdDvyEYA) starts at leader epoch 0 from offset 0 with partition epoch 0, high watermark 0, ISR [0], adding replicas [] and removing replicas [] . Previous leader None and previous leader epoch was -1. (state.change.logger)
[2025-04-06 12:59:38,293] INFO [Broker id=0] Leader __consumer_offsets-5 with topic id Some(Z-RkR3PtT1uLj9ZdDvyEYA) starts at leader epoch 0 from offset 0 with partition epoch 0, high watermark 0, ISR [0], adding replicas [] and removing replicas [] . Previous leader None and previous leader epoch was -1. (state.change.logger)
[2025-04-06 12:59:38,306] INFO [Broker id=0] Leader __consumer_offsets-21 with topic id Some(Z-RkR3PtT1uLj9ZdDvyEYA) starts at leader epoch 0 from offset 0 with partition epoch 0, high watermark 0, ISR [0], adding replicas [] and removing replicas [] . Previous leader None and previous leader epoch was -1. (state.change.logger)
[2025-04-06 12:59:38,319] INFO [Broker id=0] Leader __consumer_offsets-40 with topic id Some(Z-RkR3PtT1uLj9ZdDvyEYA) starts at leader epoch 0 from offset 0 with partition epoch 0, high watermark 0, ISR [0], adding replicas [] and removing replicas [] . Previous leader None and previous leader epoch was -1. (state.change.logger)
[2025-04-06 12:59:38,333] INFO [Broker id=0] Leader __consumer_offsets-2 with topic id Some(Z-RkR3PtT1uLj9ZdDvyEYA) starts at leader epoch 0 from offset 0 with partition epoch 0, high watermark 0, ISR [0], adding replicas [] and removing replicas [] . Previous leader None and previous leader epoch was -1. (state.change.logger)
[2025-04-06 12:59:38,343] INFO [Broker id=0] Leader __consumer_offsets-37 with topic id Some(Z-RkR3PtT1uLj9ZdDvyEYA) starts at leader epoch 0 from offset 0 with partition epoch 0, high watermark 0, ISR [0], adding replicas [] and removing replicas [] . Previous leader None and previous leader epoch was -1. (state.change.logger)
[2025-04-06 12:59:38,355] INFO [Broker id=0] Leader __consumer_offsets-18 with topic id Some(Z-RkR3PtT1uLj9ZdDvyEYA) starts at leader epoch 0 from offset 0 with partition epoch 0, high watermark 0, ISR [0], adding replicas [] and removing replicas [] . Previous leader None and previous leader epoch was -1. (state.change.logger)
[2025-04-06 12:59:38,370] INFO [Broker id=0] Leader __consumer_offsets-34 with topic id Some(Z-RkR3PtT1uLj9ZdDvyEYA) starts at leader epoch 0 from offset 0 with partition epoch 0, high watermark 0, ISR [0], adding replicas [] and removing replicas [] . Previous leader None and previous leader epoch was -1. (state.change.logger)
[2025-04-06 12:59:38,384] INFO [Broker id=0] Leader __consumer_offsets-15 with topic id Some(Z-RkR3PtT1uLj9ZdDvyEYA) starts at leader epoch 0 from offset 0 with partition epoch 0, high watermark 0, ISR [0], adding replicas [] and removing replicas [] . Previous leader None and previous leader epoch was -1. (state.change.logger)
[2025-04-06 12:59:38,396] INFO [Broker id=0] Leader __consumer_offsets-12 with topic id Some(Z-RkR3PtT1uLj9ZdDvyEYA) starts at leader epoch 0 from offset 0 with partition epoch 0, high watermark 0, ISR [0], adding replicas [] and removing replicas [] . Previous leader None and previous leader epoch was -1. (state.change.logger)
[2025-04-06 12:59:38,405] INFO [Broker id=0] Leader __consumer_offsets-31 with topic id Some(Z-RkR3PtT1uLj9ZdDvyEYA) starts at leader epoch 0 from offset 0 with partition epoch 0, high watermark 0, ISR [0], adding replicas [] and removing replicas [] . Previous leader None and previous leader epoch was -1. (state.change.logger)
[2025-04-06 12:59:38,416] INFO [Broker id=0] Leader __consumer_offsets-9 with topic id Some(Z-RkR3PtT1uLj9ZdDvyEYA) starts at leader epoch 0 from offset 0 with partition epoch 0, high watermark 0, ISR [0], adding replicas [] and removing replicas [] . Previous leader None and previous leader epoch was -1. (state.change.logger)
[2025-04-06 12:59:38,429] INFO [Broker id=0] Leader __consumer_offsets-47 with topic id Some(Z-RkR3PtT1uLj9ZdDvyEYA) starts at leader epoch 0 from offset 0 with partition epoch 0, high watermark 0, ISR [0], adding replicas [] and removing replicas [] . Previous leader None and previous leader epoch was -1. (state.change.logger)
[2025-04-06 12:59:38,440] INFO [Broker id=0] Leader __consumer_offsets-19 with topic id Some(Z-RkR3PtT1uLj9ZdDvyEYA) starts at leader epoch 0 from offset 0 with partition epoch 0, high watermark 0, ISR [0], adding replicas [] and removing replicas [] . Previous leader None and previous leader epoch was -1. (state.change.logger)
[2025-04-06 12:59:38,454] INFO [Broker id=0] Leader __consumer_offsets-28 with topic id Some(Z-RkR3PtT1uLj9ZdDvyEYA) starts at leader epoch 0 from offset 0 with partition epoch 0, high watermark 0, ISR [0], adding replicas [] and removing replicas [] . Previous leader None and previous leader epoch was -1. (state.change.logger)
[2025-04-06 12:59:38,465] INFO [Broker id=0] Leader __consumer_offsets-38 with topic id Some(Z-RkR3PtT1uLj9ZdDvyEYA) starts at leader epoch 0 from offset 0 with partition epoch 0, high watermark 0, ISR [0], adding replicas [] and removing replicas [] . Previous leader None and previous leader epoch was -1. (state.change.logger)
[2025-04-06 12:59:38,484] INFO [Broker id=0] Leader __consumer_offsets-35 with topic id Some(Z-RkR3PtT1uLj9ZdDvyEYA) starts at leader epoch 0 from offset 0 with partition epoch 0, high watermark 0, ISR [0], adding replicas [] and removing replicas [] . Previous leader None and previous leader epoch was -1. (state.change.logger)
[2025-04-06 12:59:38,497] INFO [Broker id=0] Leader __consumer_offsets-6 with topic id Some(Z-RkR3PtT1uLj9ZdDvyEYA) starts at leader epoch 0 from offset 0 with partition epoch 0, high watermark 0, ISR [0], adding replicas [] and removing replicas [] . Previous leader None and previous leader epoch was -1. (state.change.logger)
[2025-04-06 12:59:38,509] INFO [Broker id=0] Leader __consumer_offsets-44 with topic id Some(Z-RkR3PtT1uLj9ZdDvyEYA) starts at leader epoch 0 from offset 0 with partition epoch 0, high watermark 0, ISR [0], adding replicas [] and removing replicas [] . Previous leader None and previous leader epoch was -1. (state.change.logger)
[2025-04-06 12:59:38,521] INFO [Broker id=0] Leader __consumer_offsets-25 with topic id Some(Z-RkR3PtT1uLj9ZdDvyEYA) starts at leader epoch 0 from offset 0 with partition epoch 0, high watermark 0, ISR [0], adding replicas [] and removing replicas [] . Previous leader None and previous leader epoch was -1. (state.change.logger)
[2025-04-06 12:59:38,533] INFO [Broker id=0] Leader __consumer_offsets-16 with topic id Some(Z-RkR3PtT1uLj9ZdDvyEYA) starts at leader epoch 0 from offset 0 with partition epoch 0, high watermark 0, ISR [0], adding replicas [] and removing replicas [] . Previous leader None and previous leader epoch was -1. (state.change.logger)
[2025-04-06 12:59:38,544] INFO [Broker id=0] Leader __consumer_offsets-22 with topic id Some(Z-RkR3PtT1uLj9ZdDvyEYA) starts at leader epoch 0 from offset 0 with partition epoch 0, high watermark 0, ISR [0], adding replicas [] and removing replicas [] . Previous leader None and previous leader epoch was -1. (state.change.logger)
[2025-04-06 12:59:38,555] INFO [Broker id=0] Leader __consumer_offsets-41 with topic id Some(Z-RkR3PtT1uLj9ZdDvyEYA) starts at leader epoch 0 from offset 0 with partition epoch 0, high watermark 0, ISR [0], adding replicas [] and removing replicas [] . Previous leader None and previous leader epoch was -1. (state.change.logger)
[2025-04-06 12:59:38,569] INFO [Broker id=0] Leader __consumer_offsets-32 with topic id Some(Z-RkR3PtT1uLj9ZdDvyEYA) starts at leader epoch 0 from offset 0 with partition epoch 0, high watermark 0, ISR [0], adding replicas [] and removing replicas [] . Previous leader None and previous leader epoch was -1. (state.change.logger)
[2025-04-06 12:59:38,586] INFO [Broker id=0] Leader __consumer_offsets-3 with topic id Some(Z-RkR3PtT1uLj9ZdDvyEYA) starts at leader epoch 0 from offset 0 with partition epoch 0, high watermark 0, ISR [0], adding replicas [] and removing replicas [] . Previous leader None and previous leader epoch was -1. (state.change.logger)
[2025-04-06 12:59:38,599] INFO [Broker id=0] Leader __consumer_offsets-13 with topic id Some(Z-RkR3PtT1uLj9ZdDvyEYA) starts at leader epoch 0 from offset 0 with partition epoch 0, high watermark 0, ISR [0], adding replicas [] and removing replicas [] . Previous leader None and previous leader epoch was -1. (state.change.logger)
[2025-04-06 12:59:38,620] INFO [Broker id=0] Finished LeaderAndIsr request in 696ms correlationId 3 from controller 0 for 50 partitions (state.change.logger)
[2025-04-06 12:59:38,629] INFO [Broker id=0] Add 50 partitions and deleted 0 partitions from metadata cache in response to UpdateMetadata request sent by controller 0 epoch 5 with correlation id 4 (state.change.logger)
